-------------------------------------------------------------------------------
Test set: main.test.ControladorUsuarioTest
-------------------------------------------------------------------------------
Tests run: 2, Failures: 0, Errors: 2, Skipped: 0, Time elapsed: 0.027 s <<< FAILURE! -- in main.test.ControladorUsuarioTest
main.test.ControladorUsuarioTest.altaPostulanteTest -- Time elapsed: 0.020 s <<< ERROR!
java.lang.NullPointerException: Cannot read the array length because "src" is null
	at java.base/java.util.Base64$Encoder.encode(Base64.java:291)
	at logica.clases.Usuario.setImagen(Usuario.java:105)
	at logica.clases.Usuario.<init>(Usuario.java:53)
	at logica.clases.Usuario.<init>(Usuario.java:44)
	at logica.clases.Postulante.<init>(Postulante.java:42)
	at logica.controladores.CtrlUsuario.altaPostulante(CtrlUsuario.java:83)
	at main.test.ControladorUsuarioTest.altaPostulanteTest(ControladorUsuarioTest.java:42)
	at java.base/java.lang.reflect.Method.invoke(Method.java:568)
	at java.base/java.util.ArrayList.forEach(ArrayList.java:1511)
	at java.base/java.util.ArrayList.forEach(ArrayList.java:1511)

main.test.ControladorUsuarioTest.altaEmpresaTest -- Time elapsed: 0.002 s <<< ERROR!
java.lang.Error: 
Unresolved compilation problems: 
	The method altaEmpresaImagen(String, String, String, String, String, String, byte[]) in the type ICtrlUsuario is not applicable for the arguments (String, String, String, String, String, String, String)
	Type mismatch: cannot convert from byte[] to String
	The method altaEmpresaURLyImagen(String, String, String, String, String, String, String, byte[]) in the type ICtrlUsuario is not applicable for the arguments (String, String, String, String, String, String, String, String)
	Type mismatch: cannot convert from byte[] to String

	at main.test.ControladorUsuarioTest.altaEmpresaTest(ControladorUsuarioTest.java:198)
	at java.base/java.lang.reflect.Method.invoke(Method.java:568)
	at java.base/java.util.ArrayList.forEach(ArrayList.java:1511)
	at java.base/java.util.ArrayList.forEach(ArrayList.java:1511)

